<?xml version="1.0" encoding="UTF-8"?>
<!-- Generated by org.testng.reporters.JUnitXMLReporter -->
<testsuite ignored="0" hostname="DESKTOP-HRKT98K" failures="0" tests="5" name="Default test" time="17.905" errors="0" timestamp="2024-07-10T20:12:52 EEST">
  <testcase classname="com.saucedemo.testcases.loginTests" name="testLoginElementsPresence" time="0.136"/>
  <testcase classname="com.saucedemo.testcases.loginTests" name="testValidLogin" time="0.461"/>
  <testcase classname="com.saucedemo.testcases.loginTests" name="testInvalidLogin" time="0.41"/>
  <testcase classname="com.saucedemo.testcases.loginTests" name="testEmptyUsername" time="0.294"/>
  <testcase classname="com.saucedemo.testcases.loginTests" name="testEmptyPassword" time="0.284"/>
</testsuite> <!-- Default test -->
